The WWWGROUP variable is not set. Defaulting to a blank string.
The WWWUSER variable is not set. Defaulting to a blank string.
Building laravel.test
#0 building with "default" instance using docker driver

#1 [internal] load .dockerignore
#1 transferring context: 2B done
#1 DONE 0.0s

#2 [internal] load build definition from Dockerfile
#2 transferring dockerfile: 3.25kB done
#2 DONE 0.0s

#3 [internal] load metadata for docker.io/library/ubuntu:22.04
#3 DONE 1.3s

#4 [ 1/11] FROM docker.io/library/ubuntu:22.04@sha256:19478ce7fc2ffbce89df29fea5725a8d12e57de52eb9ea570890dc5852aac1ac
#4 DONE 0.0s

#5 [ 2/11] WORKDIR /var/www/html
#5 CACHED

#6 [ 3/11] RUN ln -snf /usr/share/zoneinfo/UTC /etc/localtime && echo UTC > /etc/timezone
#6 CACHED

#7 [ 4/11] RUN apt-get update     && mkdir -p /etc/apt/keyrings     && apt-get install -y gnupg gosu curl ca-certificates zip unzip git supervisor sqlite3 libcap2-bin libpng-dev python2 dnsutils librsvg2-bin fswatch ffmpeg nano      && curl -sS 'https://keyserver.ubuntu.com/pks/lookup?op=get&search=0x14aa40ec0831756756d7f66c4f4ea0aae5267a6c' | gpg --dearmor | tee /etc/apt/keyrings/ppa_ondrej_php.gpg > /dev/null     && echo "deb [signed-by=/etc/apt/keyrings/ppa_ondrej_php.gpg] https://ppa.launchpadcontent.net/ondrej/php/ubuntu jammy main" > /etc/apt/sources.list.d/ppa_ondrej_php.list     && apt-get update     && apt-get install -y php8.3-cli php8.3-dev        php8.3-pgsql php8.3-sqlite3 php8.3-gd        php8.3-curl        php8.3-imap php8.3-mysql php8.3-mbstring        php8.3-xml php8.3-zip php8.3-bcmath php8.3-soap        php8.3-intl php8.3-readline        php8.3-ldap        php8.3-msgpack php8.3-igbinary php8.3-redis php8.3-swoole        php8.3-memcached php8.3-pcov php8.3-imagick php8.3-xdebug     && curl -sLS https://getcomposer.org/installer | php -- --install-dir=/usr/bin/ --filename=composer     && curl -fsSL https://deb.nodesource.com/gpgkey/nodesource-repo.gpg.key | gpg --dearmor -o /etc/apt/keyrings/nodesource.gpg     && echo "deb [signed-by=/etc/apt/keyrings/nodesource.gpg] https://deb.nodesource.com/node_20.x nodistro main" > /etc/apt/sources.list.d/nodesource.list     && apt-get update     && apt-get install -y nodejs     && npm install -g npm     && npm install -g pnpm     && npm install -g bun     && curl -sS https://dl.yarnpkg.com/debian/pubkey.gpg | gpg --dearmor | tee /etc/apt/keyrings/yarn.gpg >/dev/null     && echo "deb [signed-by=/etc/apt/keyrings/yarn.gpg] https://dl.yarnpkg.com/debian/ stable main" > /etc/apt/sources.list.d/yarn.list     && curl -sS https://www.postgresql.org/media/keys/ACCC4CF8.asc | gpg --dearmor | tee /etc/apt/keyrings/pgdg.gpg >/dev/null     && echo "deb [signed-by=/etc/apt/keyrings/pgdg.gpg] http://apt.postgresql.org/pub/repos/apt jammy-pgdg main" > /etc/apt/sources.list.d/pgdg.list     && apt-get update     && apt-get install -y yarn     && apt-get install -y mysql-client     && apt-get install -y postgresql-client-15     && apt-get -y autoremove     && apt-get clean     && rm -rf /var/lib/apt/lists/* /tmp/* /var/tmp/*
#7 CACHED

#8 [ 5/11] RUN setcap "cap_net_bind_service=+ep" /usr/bin/php8.3
#8 CACHED

#9 [internal] load build context
#9 transferring context: 99B done
#9 DONE 0.0s

#10 [ 6/11] RUN groupadd --force -g  sail
#10 0.276 groupadd: invalid group ID 'sail'
#10 ERROR: process "/bin/sh -c groupadd --force -g $WWWGROUP sail" did not complete successfully: exit code: 3
------
 > [ 6/11] RUN groupadd --force -g  sail:
0.276 groupadd: invalid group ID 'sail'
------
Dockerfile:55
--------------------
  53 |     RUN setcap "cap_net_bind_service=+ep" /usr/bin/php8.3
  54 |     
  55 | >>> RUN groupadd --force -g $WWWGROUP sail
  56 |     RUN useradd -ms /bin/bash --no-user-group -g $WWWGROUP -u 1337 sail
  57 |     
--------------------
ERROR: failed to solve: process "/bin/sh -c groupadd --force -g $WWWGROUP sail" did not complete successfully: exit code: 3
Service 'laravel.test' failed to build : Build failed



